<?xml version="1.0" encoding="UTF-8"?>
<!-- Generated by org.testng.reporters.JUnitReportReporter -->
<testsuite hostname="VIJAY" failures="0" tests="1" name="TestLayer.RegisterPostTest" time="1.465" errors="0" timestamp="2024-05-28T13:20:21 IST" skipped="0">
  <testcase classname="TestLayer.RegisterPostTest" name="registerpageFunctionality" time="1.465"/>
  <system-out/>
</testsuite> <!-- TestLayer.RegisterPostTest -->
